2017-04-24 07:39:07 [scrapy.utils.log] INFO: Scrapy 1.3.3 started (bot: scrapybot)
2017-04-24 07:39:07 [scrapy.utils.log] INFO: Overridden settings: {}
2017-04-24 07:39:07 [scrapy.middleware] INFO: Enabled extensions:
['scrapy.extensions.telnet.TelnetConsole',
 'scrapy.extensions.logstats.LogStats',
 'scrapy.extensions.corestats.CoreStats']
2017-04-24 07:39:07 [scrapy.middleware] INFO: Enabled downloader middlewares:
['scrapy.downloadermiddlewares.httpauth.HttpAuthMiddleware',
 'scrapy.downloadermiddlewares.downloadtimeout.DownloadTimeoutMiddleware',
 'scrapy.downloadermiddlewares.defaultheaders.DefaultHeadersMiddleware',
 'scrapy.downloadermiddlewares.useragent.UserAgentMiddleware',
 'scrapy.downloadermiddlewares.retry.RetryMiddleware',
 'scrapy.downloadermiddlewares.redirect.MetaRefreshMiddleware',
 'scrapy.downloadermiddlewares.httpcompression.HttpCompressionMiddleware',
 'scrapy.downloadermiddlewares.redirect.RedirectMiddleware',
 'scrapy.downloadermiddlewares.cookies.CookiesMiddleware',
 'scrapy.downloadermiddlewares.stats.DownloaderStats']
2017-04-24 07:39:07 [scrapy.middleware] INFO: Enabled spider middlewares:
['scrapy.spidermiddlewares.httperror.HttpErrorMiddleware',
 'scrapy.spidermiddlewares.offsite.OffsiteMiddleware',
 'scrapy.spidermiddlewares.referer.RefererMiddleware',
 'scrapy.spidermiddlewares.urllength.UrlLengthMiddleware',
 'scrapy.spidermiddlewares.depth.DepthMiddleware']
2017-04-24 07:39:07 [scrapy.middleware] INFO: Enabled item pipelines:
[]
2017-04-24 07:39:07 [scrapy.core.engine] INFO: Spider opened
2017-04-24 07:39:07 [scrapy.extensions.logstats] INFO: Crawled 0 pages (at 0 pages/min), scraped 0 items (at 0 items/min)
2017-04-24 07:39:07 [scrapy.extensions.telnet] DEBUG: Telnet console listening on 127.0.0.1:6023
2017-04-24 07:39:08 [scrapy.core.engine] DEBUG: Crawled (200) <GET https://www.fara.gov/quick-search.html> (referer: None)
2017-04-24 07:39:08 [scrapy.downloadermiddlewares.redirect] DEBUG: Redirecting (302) to <GET https://efile.fara.gov/pls/apex/f?p=171:1:0:::::> from <GET https://efile.fara.gov/pls/apex/f?p=171:1>
2017-04-24 07:39:09 [scrapy.core.engine] DEBUG: Crawled (200) <GET https://efile.fara.gov/pls/apex/f?p=171:1:0:::::> (referer: None)
2017-04-24 07:39:11 [scrapy.core.engine] DEBUG: Crawled (200) <POST http://anweb.pro/govpredict.html> (referer: https://www.fara.gov/quick-search.html)
2017-04-24 07:39:11 [scrapy.core.scraper] DEBUG: Scraped from <200 http://anweb.pro/govpredict.html>
{1: {'registrant': 'Austrian Tourist Office, Inc.', 'foreign_principal': 'Austrian National Tourist Office', 'state': '', 'date': '10/03/1947', 'reg_num': '495', 'country': 'AUSTRIA', 'url': 'https://efile.fara.gov/pls/apex/f?p=171:200:11307111314125::NO:RP,200:P200_REG_NUMBER,P200_DOC_TYPE,P200_COUNTRY:495,Exhibit%20AB,AUSTRIA', 'address': 'New York\xa0\xa0'}, 2: {'registrant': 'Austrian Trade Commission, Chicago', 'foreign_principal': 'Advantage Austria at the Austrian Federal Economic Chamber (WKO)', 'state': '', 'date': '11/04/2013', 'reg_num': '6193', 'country': 'AUSTRIA', 'url': 'https://efile.fara.gov/pls/apex/f?p=171:200:11307111314125::NO:RP,200:P200_REG_NUMBER,P200_DOC_TYPE,P200_COUNTRY:6193,Exhibit%20AB,AUSTRIA', 'address': 'Wiedner Hauptstrasse 63'}, 3: {'registrant': 'Austrian Trade Commission in the U.S., Southern Region', 'foreign_principal': 'Federal Economic Chamber of Austria (Wirtschftskammer Oesterreichs)', 'state': '', 'date': '08/17/1995', 'reg_num': '5041', 'country': 'AUSTRIA', 'url': 'https://efile.fara.gov/pls/apex/f?p=171:200:11307111314125::NO:RP,200:P200_REG_NUMBER,P200_DOC_TYPE,P200_COUNTRY:5041,Exhibit%20AB,AUSTRIA', 'address': '1045 Vienna\xa0\xa0'}, 4: {'registrant': 'BGR Government Affairs, LLC', 'foreign_principal': 'Embassy of the Republic of Azerbaijan', 'state': '', 'date': '03/20/2017', 'reg_num': '5430', 'country': 'AZERBAIJAN', 'url': 'https://efile.fara.gov/pls/apex/f?p=171:200:11307111314125::NO:RP,200:P200_REG_NUMBER,P200_DOC_TYPE,P200_COUNTRY:5430,Exhibit%20AB,AZERBAIJAN', 'address': '2741 34th Street, NW'}, 5: {'registrant': 'Roberti + White, LLC', 'foreign_principal': 'SOCAR USA, subsidiary of State Oil Company of Azerbaijan Republic (SOCAR)', 'state': '', 'date': '07/28/2013', 'reg_num': '6065', 'country': 'AZERBAIJAN', 'url': 'https://efile.fara.gov/pls/apex/f?p=171:200:11307111314125::NO:RP,200:P200_REG_NUMBER,P200_DOC_TYPE,P200_COUNTRY:6065,Exhibit%20AB,AZERBAIJAN', 'address': 'Washington\xa0\xa020008'}, 6: {'registrant': 'Podesta Group, Inc.', 'foreign_principal': 'Embassy of the Republic of Azerbaijan', 'state': '', 'date': '01/31/2013', 'reg_num': '5926', 'country': 'AZERBAIJAN', 'url': 'https://efile.fara.gov/pls/apex/f?p=171:200:11307111314125::NO:RP,200:P200_REG_NUMBER,P200_DOC_TYPE,P200_COUNTRY:5926,Exhibit%20AB,AZERBAIJAN', 'address': '1319 18th Street, NW'}, 7: {'registrant': 'Tool Shed Group, LLC', 'foreign_principal': 'Consulate General of the Republic of Azerbaijan', 'state': '', 'date': '03/09/2009', 'reg_num': '5916', 'country': 'AZERBAIJAN', 'url': 'https://efile.fara.gov/pls/apex/f?p=171:200:11307111314125::NO:RP,200:P200_REG_NUMBER,P200_DOC_TYPE,P200_COUNTRY:5916,Exhibit%20AB,AZERBAIJAN', 'address': 'Washington\xa0\xa020036'}, 8: {'registrant': 'Hogan Lovells US LLP', 'foreign_principal': 'Government of the Commonwealth of The Bahamas', 'state': '', 'date': '05/30/2014', 'reg_num': '2244', 'country': 'BAHAMAS', 'url': 'https://efile.fara.gov/pls/apex/f?p=171:200:11307111314125::NO:RP,200:P200_REG_NUMBER,P200_DOC_TYPE,P200_COUNTRY:2244,Exhibit%20AB,BAHAMAS', 'address': 'Cecil V. Wallace-Whitfield Center'}, 9: {'registrant': 'Bahamas Tourist Office', 'foreign_principal': 'Bahamas Ministry of Tourism', 'state': '', 'date': '01/27/1972', 'reg_num': '2310', 'country': 'BAHAMAS', 'url': 'https://efile.fara.gov/pls/apex/f?p=171:200:11307111314125::NO:RP,200:P200_REG_NUMBER,P200_DOC_TYPE,P200_COUNTRY:2310,Exhibit%20AB,BAHAMAS', 'address': 'West Bay St. '}, 10: {'registrant': 'Sorini, Samet & Associates, LLC', 'foreign_principal': 'Ministry of Foreign Affairs Kingdom of Bahrain', 'state': '', 'date': '05/26/2011', 'reg_num': '5839', 'country': 'BAHRAIN', 'url': 'https://efile.fara.gov/pls/apex/f?p=171:200:11307111314125::NO:RP,200:P200_REG_NUMBER,P200_DOC_TYPE,P200_COUNTRY:5839,Exhibit%20AB,BAHRAIN', 'address': 'P.O. Box 547'}, 11: {'registrant': 'DLA Piper US LLP', 'foreign_principal': 'Kingdom of Bahrain', 'state': '', 'date': '05/20/2014', 'reg_num': '3712', 'country': 'BAHRAIN', 'url': 'https://efile.fara.gov/pls/apex/f?p=171:200:11307111314125::NO:RP,200:P200_REG_NUMBER,P200_DOC_TYPE,P200_COUNTRY:3712,Exhibit%20AB,BAHRAIN', 'address': 'Government Road'}, 12: {'registrant': 'MSLGROUP Americas, Inc.', 'foreign_principal': 'Kingdom of Bahrain, Embassy', 'state': '', 'date': '08/06/2010', 'reg_num': '5483', 'country': 'BAHRAIN', 'url': 'https://efile.fara.gov/pls/apex/f?p=171:200:11307111314125::NO:RP,200:P200_REG_NUMBER,P200_DOC_TYPE,P200_COUNTRY:5483,Exhibit%20AB,BAHRAIN', 'address': 'Manama\xa0\xa0'}, 13: {'registrant': 'BGR Government Affairs, LLC', 'foreign_principal': "Government of the People's Republic of Bangladesh, Embassy", 'state': '', 'date': '09/23/2013', 'reg_num': '5430', 'country': 'BANGLADESH', 'url': 'https://efile.fara.gov/pls/apex/f?p=171:200:11307111314125::NO:RP,200:P200_REG_NUMBER,P200_DOC_TYPE,P200_COUNTRY:5430,Exhibit%20AB,BANGLADESH', 'address': '3510 International Drive, NW'}, 14: {'registrant': 'Barbados Investment & Development Corp. Barbados Tourism', 'foreign_principal': 'Barbados Tourist Board', 'state': '', 'date': '11/05/1971', 'reg_num': '1995', 'country': 'BARBADOS', 'url': 'https://efile.fara.gov/pls/apex/f?p=171:200:11307111314125::NO:RP,200:P200_REG_NUMBER,P200_DOC_TYPE,P200_COUNTRY:1995,Exhibit%20AB,BARBADOS', 'address': '\xa0\xa0'}, 15: {'registrant': 'Berliner Corcoran & Rowe, LLP', 'foreign_principal': 'Invest Barbados', 'state': '', 'date': '02/13/2009', 'reg_num': '5299', 'country': 'BARBADOS', 'url': 'https://efile.fara.gov/pls/apex/f?p=171:200:11307111314125::NO:RP,200:P200_REG_NUMBER,P200_DOC_TYPE,P200_COUNTRY:5299,Exhibit%20AB,BARBADOS', 'address': 'P.O. Box 10009'}}
2017-04-24 07:39:11 [scrapy.core.engine] INFO: Closing spider (finished)
2017-04-24 07:39:11 [scrapy.statscollectors] INFO: Dumping Scrapy stats:
{'downloader/request_bytes': 1456,
 'downloader/request_count': 4,
 'downloader/request_method_count/GET': 3,
 'downloader/request_method_count/POST': 1,
 'downloader/response_bytes': 35211,
 'downloader/response_count': 4,
 'downloader/response_status_count/200': 3,
 'downloader/response_status_count/302': 1,
 'finish_reason': 'finished',
 'finish_time': datetime.datetime(2017, 4, 24, 10, 39, 11, 661554),
 'item_scraped_count': 1,
 'log_count/DEBUG': 6,
 'log_count/INFO': 7,
 'request_depth_max': 1,
 'response_received_count': 3,
 'scheduler/dequeued': 4,
 'scheduler/dequeued/memory': 4,
 'scheduler/enqueued': 4,
 'scheduler/enqueued/memory': 4,
 'start_time': datetime.datetime(2017, 4, 24, 10, 39, 7, 947854)}
2017-04-24 07:39:11 [scrapy.core.engine] INFO: Spider closed (finished)
2017-04-24 07:39:11 [scrapy.utils.log] INFO: Scrapy 1.3.3 started (bot: scrapytest)
2017-04-24 07:39:11 [scrapy.utils.log] INFO: Scrapy 1.3.3 started (bot: scrapytest)
2017-04-24 07:39:11 [scrapy.utils.log] INFO: Overridden settings: {'SPIDER_MODULES': ['scrapytest.spiders'], 'BOT_NAME': 'scrapytest', 'NEWSPIDER_MODULE': 'scrapytest.spiders'}
2017-04-24 07:39:11 [scrapy.utils.log] INFO: Overridden settings: {'SPIDER_MODULES': ['scrapytest.spiders'], 'BOT_NAME': 'scrapytest', 'NEWSPIDER_MODULE': 'scrapytest.spiders'}
Traceback (most recent call last):
  File "/usr/local/lib/python3.4/dist-packages/scrapy/spiderloader.py", line 53, in load
    return self._spiders[spider_name]
KeyError: 'scrapytest'

During handling of the above exception, another exception occurred:

Traceback (most recent call last):
  File "/usr/local/bin/scrapy", line 11, in <module>
    load_entry_point('Scrapy==1.3.3', 'console_scripts', 'scrapy')()
  File "/usr/local/lib/python3.4/dist-packages/scrapy/cmdline.py", line 142, in execute
    _run_print_help(parser, _run_command, cmd, args, opts)
  File "/usr/local/lib/python3.4/dist-packages/scrapy/cmdline.py", line 88, in _run_print_help
    func(*a, **kw)
  File "/usr/local/lib/python3.4/dist-packages/scrapy/cmdline.py", line 149, in _run_command
    cmd.run(args, opts)
  File "/usr/local/lib/python3.4/dist-packages/scrapy/commands/crawl.py", line 57, in run
    self.crawler_process.crawl(spname, **opts.spargs)
  File "/usr/local/lib/python3.4/dist-packages/scrapy/crawler.py", line 162, in crawl
    crawler = self.create_crawler(crawler_or_spidercls)
  File "/usr/local/lib/python3.4/dist-packages/scrapy/crawler.py", line 190, in create_crawler
    return self._create_crawler(crawler_or_spidercls)
  File "/usr/local/lib/python3.4/dist-packages/scrapy/crawler.py", line 194, in _create_crawler
    spidercls = self.spider_loader.load(spidercls)
  File "/usr/local/lib/python3.4/dist-packages/scrapy/spiderloader.py", line 55, in load
    raise KeyError("Spider not found: {}".format(spider_name))
KeyError: 'Spider not found: scrapytest'
